<?xml version="1.0" encoding="UTF-8"?>
<testsuite name="OperationsTest" tests="2" skipped="0" failures="0" errors="0" timestamp="2016-11-07T16:55:22" hostname="DESKTOP-OB1TSEO" time="0.384">
  <properties/>
  <testcase name="shouldSumGivenNumbers" classname="OperationsTest" time="0.382"/>
  <testcase name="shouldReturnErrorCodeIFNoNumbersProvided" classname="OperationsTest" time="0.001"/>
  <system-out><![CDATA[18:55:22.329 [Test worker] INFO Operations - Adding numbers
18:55:22.631 [Test worker] INFO Operations - Adding numbers
]]></system-out>
  <system-err><![CDATA[]]></system-err>
</testsuite>
